<?xml version="1.0" encoding="UTF-8"?>
<!-- Generated by org.testng.reporters.JUnitReportReporter -->
<testsuite hostname="ADMIN1315" failures="0" tests="1" name="com.greens.keyboard.Keyboard" time="6.921" errors="0" timestamp="2023-08-28T22:12:45 IST" skipped="0">
  <testcase classname="com.greens.keyboard.Keyboard" name="testName" time="6.921"/>
  <system-out/>
</testsuite> <!-- com.greens.keyboard.Keyboard -->
