<?xml version="1.0" encoding="UTF-8"?>
<!-- Generated by org.testng.reporters.JUnitReportReporter -->
<testsuite hostname="ADMIN1315" failures="0" tests="1" name="com.greens.testDynamic.FakerExample" time="0.156" errors="0" timestamp="2023-09-07T09:10:54 IST" skipped="0">
  <testcase classname="com.greens.testDynamic.FakerExample" name="testName" time="0.156"/>
  <system-out/>
</testsuite> <!-- com.greens.testDynamic.FakerExample -->
