<?xml version="1.0" encoding="UTF-8"?>
<!-- Generated by org.testng.reporters.JUnitReportReporter -->
<testsuite hostname="ADMIN1315" failures="0" tests="1" name="com.greens.serverautomation.TestBase" time="20.074" errors="0" timestamp="2023-08-16T22:13:26 IST" skipped="0">
  <testcase classname="com.greens.serverautomation.TestBase" name="testName" time="20.074"/>
  <system-out/>
</testsuite> <!-- com.greens.serverautomation.TestBase -->
