<?xml version="1.0" encoding="UTF-8"?>
<!-- Generated by org.testng.reporters.JUnitReportReporter -->
<testsuite hostname="ADMIN1315" failures="0" tests="1" name="com.greens.locators.Others" time="19.015" errors="0" timestamp="2023-08-23T22:18:33 IST" skipped="0">
  <testcase classname="com.greens.locators.Others" name="testName" time="19.015"/>
  <system-out/>
</testsuite> <!-- com.greens.locators.Others -->
