<?xml version="1.0" encoding="UTF-8"?>
<!-- Generated by org.testng.reporters.JUnitReportReporter -->
<testsuite hostname="ADMIN1315" failures="0" tests="1" name="com.greens.lists.HandlingList" time="41.305" errors="0" timestamp="2023-08-24T22:20:30 IST" skipped="0">
  <testcase classname="com.greens.lists.HandlingList" name="testName" time="41.305"/>
  <system-out/>
</testsuite> <!-- com.greens.lists.HandlingList -->
