<?xml version="1.0" encoding="UTF-8"?>
<!-- Generated by org.testng.reporters.JUnitReportReporter -->
<testsuite hostname="ADMIN1315" failures="0" tests="1" name="com.greens.locators.UiSelector" time="16.139" errors="0" timestamp="2023-08-24T22:04:12 IST" skipped="0">
  <testcase classname="com.greens.locators.UiSelector" name="testName" time="16.139"/>
  <system-out/>
</testsuite> <!-- com.greens.locators.UiSelector -->
